c:\users\talia\desktop\cs-330 final project talia cunningham\cs-330final\x64\debug\vc143.pdb
c:\users\talia\desktop\cs-330 final project talia cunningham\cs-330final\x64\debug\vc143.idb
c:\users\talia\desktop\cs-330 final project talia cunningham\cs-330final\x64\debug\vbo.obj
c:\users\talia\desktop\cs-330 final project talia cunningham\cs-330final\x64\debug\vao.obj
c:\users\talia\desktop\cs-330 final project talia cunningham\cs-330final\x64\debug\texture.obj
c:\users\talia\desktop\cs-330 final project talia cunningham\cs-330final\x64\debug\stb.obj
c:\users\talia\desktop\cs-330 final project talia cunningham\cs-330final\x64\debug\shaderclass.obj
c:\users\talia\desktop\cs-330 final project talia cunningham\cs-330final\x64\debug\mesh.obj
c:\users\talia\desktop\cs-330 final project talia cunningham\cs-330final\x64\debug\ebo.obj
c:\users\talia\desktop\cs-330 final project talia cunningham\cs-330final\x64\debug\camera.obj
c:\users\talia\desktop\cs-330 final project talia cunningham\cs-330final\x64\debug\main.obj
c:\users\talia\desktop\cs-330 final project talia cunningham\cs-330final\x64\debug\glad.obj
c:\users\talia\desktop\cs-330 final project talia cunningham\cs-330final\x64\debug\cs-330final.exe
c:\users\talia\desktop\cs-330 final project talia cunningham\cs-330final\x64\debug\cs-330final.ilk
c:\users\talia\desktop\cs-330 final project talia cunningham\cs-330final\x64\debug\cs-330final.pdb
c:\users\talia\desktop\cs-330 final project talia cunningham\cs-330final\x64\debug\cs-330final.tlog\cl.command.1.tlog
c:\users\talia\desktop\cs-330 final project talia cunningham\cs-330final\x64\debug\cs-330final.tlog\cl.read.1.tlog
c:\users\talia\desktop\cs-330 final project talia cunningham\cs-330final\x64\debug\cs-330final.tlog\cl.write.1.tlog
c:\users\talia\desktop\cs-330 final project talia cunningham\cs-330final\x64\debug\cs-330final.tlog\link.command.1.tlog
c:\users\talia\desktop\cs-330 final project talia cunningham\cs-330final\x64\debug\cs-330final.tlog\link.read.1.tlog
c:\users\talia\desktop\cs-330 final project talia cunningham\cs-330final\x64\debug\cs-330final.tlog\link.write.1.tlog
